<?xml version="1.0" encoding="UTF-8"?>
<!-- Generated by org.testng.reporters.JUnitReportReporter -->
<testsuite skipped="0" hostname="DESKTOP-0M28FOR" name="com.aditya.docker.GoogleSearchChrome" tests="1" failures="0" timestamp="26 Dec 2018 06:59:52 GMT" time="75.709" errors="0">
  <testcase name="googleSearch" time="75.709" classname="com.aditya.docker.GoogleSearchChrome"/>
</testsuite> <!-- com.aditya.docker.GoogleSearchChrome -->
