<?xml version="1.0" encoding="UTF-8"?>
<!-- Generated by org.testng.reporters.JUnitReportReporter -->
<testsuite skipped="0" hostname="DESKTOP-0M28FOR" name="com.aditya.docker.GoogleSearch" tests="1" failures="0" timestamp="23 Dec 2018 08:30:46 GMT" time="32.613" errors="0">
  <testcase name="googleSearch" time="32.613" classname="com.aditya.docker.GoogleSearch"/>
</testsuite> <!-- com.aditya.docker.GoogleSearch -->
