<?xml version="1.0" encoding="UTF-8"?>
<!-- Generated by org.testng.reporters.JUnitReportReporter -->
<testsuite skipped="0" hostname="DESKTOP-0M28FOR" name="com.aditya.docker.GoogleSearchFirefox" tests="1" failures="0" timestamp="26 Dec 2018 06:59:52 GMT" time="53.775" errors="0">
  <testcase name="googleSearch" time="53.775" classname="com.aditya.docker.GoogleSearchFirefox"/>
</testsuite> <!-- com.aditya.docker.GoogleSearchFirefox -->
